<?xml version="1.0" encoding="UTF-8"?>
<testsuite xmlns:xsi="http://www.w3.org/2001/XMLSchema-instance" xsi:noNamespaceSchemaLocation="https://maven.apache.org/surefire/maven-surefire-plugin/xsd/surefire-test-report.xsd" name="TestSuite" time="2.785" tests="2" errors="0" skipped="0" failures="2">
  <properties>
[...]
</properties>
  <testcase name="negativeLoginTest_MissingPassword" classname="apiTests.LoginAPITest" time="1.882">
    <failure message="Expected status code 400 expected [400] but found [401]" type="java.lang.AssertionError">java.lang.AssertionError: Expected status code 400 expected [400] but found [401]
	at apiTests.LoginAPITest.negativeLoginTest_MissingPassword(LoginAPITest.java:34)
</failure>
    <system-out><![CDATA[Negative Test Response: {"error":"Missing API key.","how_to_get_one":"https://reqres.in/signup"}
]]></system-out>
  </testcase>
  <testcase name="positiveLoginTest" classname="apiTests.LoginAPITest" time="0.34">
    <failure message="Expected status code 200 expected [200] but found [401]" type="java.lang.AssertionError">java.lang.AssertionError: Expected status code 200 expected [200] but found [401]
	at apiTests.LoginAPITest.positiveLoginTest(LoginAPITest.java:20)
</failure>
    <system-out><![CDATA[Positive Test Response: {"error":"Missing API key.","how_to_get_one":"https://reqres.in/signup"}
]]></system-out>
  </testcase>
</testsuite>