<?xml version="1.0" encoding="UTF-8"?>
<!-- Generated by org.testng.reporters.JUnitXMLReporter -->
<testsuite ignored="0" hostname="LAPTOP-PQ648152" failures="1" tests="3" name="API Tests" time="2.961" errors="0" timestamp="2025-05-11T23:22:48 IST">
  <testcase classname="apiTests.LoginAPITest" name="negativeLoginTest_MissingPassword" time="1.877"/>
  <testcase classname="apiTests.LoginAPITest" name="positiveLoginTest_WithOfficialData" time="0.627"/>
  <testcase classname="apiTests.LoginAPITest" name="positiveLoginTest_WithUseCaseData" time="0.395">
    <failure type="java.lang.AssertionError" message="Expected status code 200 expected [200] but found [400]">
      <![CDATA[java.lang.AssertionError: Expected status code 200 expected [200] but found [400]
at apiTests.LoginAPITest.positiveLoginTest_WithUseCaseData(LoginAPITest.java:36)
at java.base/java.util.ArrayList.forEach(ArrayList.java:1511)
... Removed 32 stack frames]]>
    </failure>
  </testcase> <!-- positiveLoginTest_WithUseCaseData -->
</testsuite> <!-- API Tests -->
