<?xml version="1.0" encoding="UTF-8"?>
<testng-results ignored="0" total="1" passed="1" failed="0" skipped="0">
  <reporter-output>
  </reporter-output>
  <suite started-at="2025-05-11T22:13:37 IST" name="SauceDemoSuite" finished-at="2025-05-11T22:14:30 IST" duration-ms="52641">
    <groups>
      <group name="cucumber">
        <method signature="AbstractTestNGCucumberTests.runScenario(io.cucumber.testng.PickleWrapper,io.cucumber.testng.FeatureWrapper)[pri:0, instance:runners.TestRunner@1de5f259]" name="runScenario" class="io.cucumber.testng.AbstractTestNGCucumberTests"/>
      </group> <!-- cucumber -->
    </groups>
    <test started-at="2025-05-11T22:13:37 IST" name="BDD Test" finished-at="2025-05-11T22:14:30 IST" duration-ms="52641">
      <class name="runners.TestRunner">
        <test-method is-config="true" signature="setUpClass(org.testng.ITestContext)[pri:0, instance:runners.TestRunner@1de5f259]" started-at="2025-05-11T22:13:37 IST" name="setUpClass" finished-at="2025-05-11T22:13:38 IST" duration-ms="455" status="PASS">
          <params>
            <param index="0">
              <value>
                <![CDATA[org.testng.TestRunner@53a84ff4]]>
              </value>
            </param>
          </params>
          <reporter-output>
          </reporter-output>
        </test-method> <!-- setUpClass -->
        <test-method signature="runScenario(io.cucumber.testng.PickleWrapper,io.cucumber.testng.FeatureWrapper)[pri:0, instance:runners.TestRunner@1de5f259]" started-at="2025-05-11T22:13:38 IST" name="runScenario" description="Runs Cucumber Scenarios" data-provider="scenarios" finished-at="2025-05-11T22:14:30 IST" duration-ms="52022" status="PASS">
          <params>
            <param index="0">
              <value>
                <![CDATA["Complete a successful order as a standard user"]]>
              </value>
            </param>
            <param index="1">
              <value>
                <![CDATA["Sauce Demo Order Flow"]]>
              </value>
            </param>
          </params>
          <reporter-output>
          </reporter-output>
        </test-method> <!-- runScenario -->
        <test-method is-config="true" signature="tearDownClass()[pri:0, instance:runners.TestRunner@1de5f259]" started-at="2025-05-11T22:14:30 IST" name="tearDownClass" finished-at="2025-05-11T22:14:30 IST" duration-ms="130" status="PASS">
          <reporter-output>
          </reporter-output>
        </test-method> <!-- tearDownClass -->
      </class> <!-- runners.TestRunner -->
    </test> <!-- BDD Test -->
  </suite> <!-- SauceDemoSuite -->
</testng-results>
