<?xml version="1.0" encoding="UTF-8"?>
<!-- Generated by org.testng.reporters.JUnitXMLReporter -->
<testsuite ignored="0" hostname="LAPTOP-PQ648152" failures="2" tests="2" name="API Tests" time="2.271" errors="0" timestamp="2025-05-11T23:04:18 IST">
  <testcase classname="apiTests.LoginAPITest" name="negativeLoginTest_MissingPassword" time="1.874">
    <failure type="java.lang.AssertionError" message="Expected status code 400 expected [400] but found [401]">
      <![CDATA[java.lang.AssertionError: Expected status code 400 expected [400] but found [401]
at apiTests.LoginAPITest.negativeLoginTest_MissingPassword(LoginAPITest.java:34)
at java.base/java.util.ArrayList.forEach(ArrayList.java:1511)
... Removed 36 stack frames]]>
    </failure>
  </testcase> <!-- negativeLoginTest_MissingPassword -->
  <testcase classname="apiTests.LoginAPITest" name="positiveLoginTest" time="0.349">
    <failure type="java.lang.AssertionError" message="Expected status code 200 expected [200] but found [401]">
      <![CDATA[java.lang.AssertionError: Expected status code 200 expected [200] but found [401]
at apiTests.LoginAPITest.positiveLoginTest(LoginAPITest.java:20)
at java.base/java.util.ArrayList.forEach(ArrayList.java:1511)
... Removed 36 stack frames]]>
    </failure>
  </testcase> <!-- positiveLoginTest -->
</testsuite> <!-- API Tests -->
